
AVRASM ver. 2.1.30  U:\VRU\3992\AZ Riz\excersise\8- 4x4 Keyboard Multiplex Seven Segment\CodeV\Debug\List\2.asm Fri Jun 04 19:09:15 2021

U:\VRU\3992\AZ Riz\excersise\8- 4x4 Keyboard Multiplex Seven Segment\CodeV\Debug\List\2.asm(1088): warning: Register r5 already defined by the .DEF directive
                 
                 
                 ;CodeVisionAVR C Compiler V3.12 Advanced
                 ;(C) Copyright 1998-2014 Pavel Haiduc, HP InfoTech s.r.l.
                 ;http://www.hpinfotech.com
                 
                 ;Build configuration    : Debug
                 ;Chip type              : ATmega32
                 ;Program type           : Application
                 ;Clock frequency        : 1.000000 MHz
                 ;Memory model           : Small
                 ;Optimize for           : Size
                 ;(s)printf features     : int, width
                 ;(s)scanf features      : int, width
                 ;External RAM size      : 0
                 ;Data Stack size        : 512 byte(s)
                 ;Heap size              : 0 byte(s)
                 ;Promote 'char' to 'int': Yes
                 ;'char' is unsigned     : Yes
                 ;8 bit enums            : Yes
                 ;Global 'const' stored in FLASH: Yes
                 ;Enhanced function parameter passing: Yes
                 ;Enhanced core instructions: On
                 ;Automatic register allocation for global variables: On
                 ;Smart register allocation: On
                 
                 	#define _MODEL_SMALL_
                 
                 	#pragma AVRPART ADMIN PART_NAME ATmega32
                 	#pragma AVRPART MEMORY PROG_FLASH 32768
                 	#pragma AVRPART MEMORY EEPROM 1024
                 	#pragma AVRPART MEMORY INT_SRAM SIZE 2048
                 	#pragma AVRPART MEMORY INT_SRAM START_ADDR 0x60
                 
                 	#define CALL_SUPPORTED 1
                 
                 	.LISTMAC
                 	.EQU UDRE=0x5
                 	.EQU RXC=0x7
                 	.EQU USR=0xB
                 	.EQU UDR=0xC
                 	.EQU SPSR=0xE
                 	.EQU SPDR=0xF
                 	.EQU EERE=0x0
                 	.EQU EEWE=0x1
                 	.EQU EEMWE=0x2
                 	.EQU EECR=0x1C
                 	.EQU EEDR=0x1D
                 	.EQU EEARL=0x1E
                 	.EQU EEARH=0x1F
                 	.EQU WDTCR=0x21
                 	.EQU MCUCR=0x35
                 	.EQU GICR=0x3B
                 	.EQU SPL=0x3D
                 	.EQU SPH=0x3E
                 	.EQU SREG=0x3F
                 
                 	.DEF R0X0=R0
                 	.DEF R0X1=R1
                 	.DEF R0X2=R2
                 	.DEF R0X3=R3
                 	.DEF R0X4=R4
                 	.DEF R0X5=R5
                 	.DEF R0X6=R6
                 	.DEF R0X7=R7
                 	.DEF R0X8=R8
                 	.DEF R0X9=R9
                 	.DEF R0XA=R10
                 	.DEF R0XB=R11
                 	.DEF R0XC=R12
                 	.DEF R0XD=R13
                 	.DEF R0XE=R14
                 	.DEF R0XF=R15
                 	.DEF R0X10=R16
                 	.DEF R0X11=R17
                 	.DEF R0X12=R18
                 	.DEF R0X13=R19
                 	.DEF R0X14=R20
                 	.DEF R0X15=R21
                 	.DEF R0X16=R22
                 	.DEF R0X17=R23
                 	.DEF R0X18=R24
                 	.DEF R0X19=R25
                 	.DEF R0X1A=R26
                 	.DEF R0X1B=R27
                 	.DEF R0X1C=R28
                 	.DEF R0X1D=R29
                 	.DEF R0X1E=R30
                 	.DEF R0X1F=R31
                 
                 	.EQU __SRAM_START=0x0060
                 	.EQU __SRAM_END=0x085F
                 	.EQU __DSTACK_SIZE=0x0200
                 	.EQU __HEAP_SIZE=0x0000
                 	.EQU __CLEAR_SRAM_SIZE=__SRAM_END-__SRAM_START+1
                 
                 	.MACRO __CPD1N
                 	CPI  R30,LOW(@0)
                 	LDI  R26,HIGH(@0)
                 	CPC  R31,R26
                 	LDI  R26,BYTE3(@0)
                 	CPC  R22,R26
                 	LDI  R26,BYTE4(@0)
                 	CPC  R23,R26
                 	.ENDM
                 
                 	.MACRO __CPD2N
                 	CPI  R26,LOW(@0)
                 	LDI  R30,HIGH(@0)
                 	CPC  R27,R30
                 	LDI  R30,BYTE3(@0)
                 	CPC  R24,R30
                 	LDI  R30,BYTE4(@0)
                 	CPC  R25,R30
                 	.ENDM
                 
                 	.MACRO __CPWRR
                 	CP   R@0,R@2
                 	CPC  R@1,R@3
                 	.ENDM
                 
                 	.MACRO __CPWRN
                 	CPI  R@0,LOW(@2)
                 	LDI  R30,HIGH(@2)
                 	CPC  R@1,R30
                 	.ENDM
                 
                 	.MACRO __ADDB1MN
                 	SUBI R30,LOW(-@0-(@1))
                 	.ENDM
                 
                 	.MACRO __ADDB2MN
                 	SUBI R26,LOW(-@0-(@1))
                 	.ENDM
                 
                 	.MACRO __ADDW1MN
                 	SUBI R30,LOW(-@0-(@1))
                 	SBCI R31,HIGH(-@0-(@1))
                 	.ENDM
                 
                 	.MACRO __ADDW2MN
                 	SUBI R26,LOW(-@0-(@1))
                 	SBCI R27,HIGH(-@0-(@1))
                 	.ENDM
                 
                 	.MACRO __ADDW1FN
                 	SUBI R30,LOW(-2*@0-(@1))
                 	SBCI R31,HIGH(-2*@0-(@1))
                 	.ENDM
                 
                 	.MACRO __ADDD1FN
                 	SUBI R30,LOW(-2*@0-(@1))
                 	SBCI R31,HIGH(-2*@0-(@1))
                 	SBCI R22,BYTE3(-2*@0-(@1))
                 	.ENDM
                 
                 	.MACRO __ADDD1N
                 	SUBI R30,LOW(-@0)
                 	SBCI R31,HIGH(-@0)
                 	SBCI R22,BYTE3(-@0)
                 	SBCI R23,BYTE4(-@0)
                 	.ENDM
                 
                 	.MACRO __ADDD2N
                 	SUBI R26,LOW(-@0)
                 	SBCI R27,HIGH(-@0)
                 	SBCI R24,BYTE3(-@0)
                 	SBCI R25,BYTE4(-@0)
                 	.ENDM
                 
                 	.MACRO __SUBD1N
                 	SUBI R30,LOW(@0)
                 	SBCI R31,HIGH(@0)
                 	SBCI R22,BYTE3(@0)
                 	SBCI R23,BYTE4(@0)
                 	.ENDM
                 
                 	.MACRO __SUBD2N
                 	SUBI R26,LOW(@0)
                 	SBCI R27,HIGH(@0)
                 	SBCI R24,BYTE3(@0)
                 	SBCI R25,BYTE4(@0)
                 	.ENDM
                 
                 	.MACRO __ANDBMNN
                 	LDS  R30,@0+(@1)
                 	ANDI R30,LOW(@2)
                 	STS  @0+(@1),R30
                 	.ENDM
                 
                 	.MACRO __ANDWMNN
                 	LDS  R30,@0+(@1)
                 	ANDI R30,LOW(@2)
                 	STS  @0+(@1),R30
                 	LDS  R30,@0+(@1)+1
                 	ANDI R30,HIGH(@2)
                 	STS  @0+(@1)+1,R30
                 	.ENDM
                 
                 	.MACRO __ANDD1N
                 	ANDI R30,LOW(@0)
                 	ANDI R31,HIGH(@0)
                 	ANDI R22,BYTE3(@0)
                 	ANDI R23,BYTE4(@0)
                 	.ENDM
                 
                 	.MACRO __ANDD2N
                 	ANDI R26,LOW(@0)
                 	ANDI R27,HIGH(@0)
                 	ANDI R24,BYTE3(@0)
                 	ANDI R25,BYTE4(@0)
                 	.ENDM
                 
                 	.MACRO __ORBMNN
                 	LDS  R30,@0+(@1)
                 	ORI  R30,LOW(@2)
                 	STS  @0+(@1),R30
                 	.ENDM
                 
                 	.MACRO __ORWMNN
                 	LDS  R30,@0+(@1)
                 	ORI  R30,LOW(@2)
                 	STS  @0+(@1),R30
                 	LDS  R30,@0+(@1)+1
                 	ORI  R30,HIGH(@2)
                 	STS  @0+(@1)+1,R30
                 	.ENDM
                 
                 	.MACRO __ORD1N
                 	ORI  R30,LOW(@0)
                 	ORI  R31,HIGH(@0)
                 	ORI  R22,BYTE3(@0)
                 	ORI  R23,BYTE4(@0)
                 	.ENDM
                 
                 	.MACRO __ORD2N
                 	ORI  R26,LOW(@0)
                 	ORI  R27,HIGH(@0)
                 	ORI  R24,BYTE3(@0)
                 	ORI  R25,BYTE4(@0)
                 	.ENDM
                 
                 	.MACRO __DELAY_USB
                 	LDI  R24,LOW(@0)
                 __DELAY_USB_LOOP:
                 	DEC  R24
                 	BRNE __DELAY_USB_LOOP
                 	.ENDM
                 
                 	.MACRO __DELAY_USW
                 	LDI  R24,LOW(@0)
                 	LDI  R25,HIGH(@0)
                 __DELAY_USW_LOOP:
                 	SBIW R24,1
                 	BRNE __DELAY_USW_LOOP
                 	.ENDM
                 
                 	.MACRO __GETD1S
                 	LDD  R30,Y+@0
                 	LDD  R31,Y+@0+1
                 	LDD  R22,Y+@0+2
                 	LDD  R23,Y+@0+3
                 	.ENDM
                 
                 	.MACRO __GETD2S
                 	LDD  R26,Y+@0
                 	LDD  R27,Y+@0+1
                 	LDD  R24,Y+@0+2
                 	LDD  R25,Y+@0+3
                 	.ENDM
                 
                 	.MACRO __PUTD1S
                 	STD  Y+@0,R30
                 	STD  Y+@0+1,R31
                 	STD  Y+@0+2,R22
                 	STD  Y+@0+3,R23
                 	.ENDM
                 
                 	.MACRO __PUTD2S
                 	STD  Y+@0,R26
                 	STD  Y+@0+1,R27
                 	STD  Y+@0+2,R24
                 	STD  Y+@0+3,R25
                 	.ENDM
                 
                 	.MACRO __PUTDZ2
                 	STD  Z+@0,R26
                 	STD  Z+@0+1,R27
                 	STD  Z+@0+2,R24
                 	STD  Z+@0+3,R25
                 	.ENDM
                 
                 	.MACRO __CLRD1S
                 	STD  Y+@0,R30
                 	STD  Y+@0+1,R30
                 	STD  Y+@0+2,R30
                 	STD  Y+@0+3,R30
                 	.ENDM
                 
                 	.MACRO __POINTB1MN
                 	LDI  R30,LOW(@0+(@1))
                 	.ENDM
                 
                 	.MACRO __POINTW1MN
                 	LDI  R30,LOW(@0+(@1))
                 	LDI  R31,HIGH(@0+(@1))
                 	.ENDM
                 
                 	.MACRO __POINTD1M
                 	LDI  R30,LOW(@0)
                 	LDI  R31,HIGH(@0)
                 	LDI  R22,BYTE3(@0)
                 	LDI  R23,BYTE4(@0)
                 	.ENDM
                 
                 	.MACRO __POINTW1FN
                 	LDI  R30,LOW(2*@0+(@1))
                 	LDI  R31,HIGH(2*@0+(@1))
                 	.ENDM
                 
                 	.MACRO __POINTD1FN
                 	LDI  R30,LOW(2*@0+(@1))
                 	LDI  R31,HIGH(2*@0+(@1))
                 	LDI  R22,BYTE3(2*@0+(@1))
                 	LDI  R23,BYTE4(2*@0+(@1))
                 	.ENDM
                 
                 	.MACRO __POINTB2MN
                 	LDI  R26,LOW(@0+(@1))
                 	.ENDM
                 
                 	.MACRO __POINTW2MN
                 	LDI  R26,LOW(@0+(@1))
                 	LDI  R27,HIGH(@0+(@1))
                 	.ENDM
                 
                 	.MACRO __POINTW2FN
                 	LDI  R26,LOW(2*@0+(@1))
                 	LDI  R27,HIGH(2*@0+(@1))
                 	.ENDM
                 
                 	.MACRO __POINTD2FN
                 	LDI  R26,LOW(2*@0+(@1))
                 	LDI  R27,HIGH(2*@0+(@1))
                 	LDI  R24,BYTE3(2*@0+(@1))
                 	LDI  R25,BYTE4(2*@0+(@1))
                 	.ENDM
                 
                 	.MACRO __POINTBRM
                 	LDI  R@0,LOW(@1)
                 	.ENDM
                 
                 	.MACRO __POINTWRM
                 	LDI  R@0,LOW(@2)
                 	LDI  R@1,HIGH(@2)
                 	.ENDM
                 
                 	.MACRO __POINTBRMN
                 	LDI  R@0,LOW(@1+(@2))
                 	.ENDM
                 
                 	.MACRO __POINTWRMN
                 	LDI  R@0,LOW(@2+(@3))
                 	LDI  R@1,HIGH(@2+(@3))
                 	.ENDM
                 
                 	.MACRO __POINTWRFN
                 	LDI  R@0,LOW(@2*2+(@3))
                 	LDI  R@1,HIGH(@2*2+(@3))
                 	.ENDM
                 
                 	.MACRO __GETD1N
                 	LDI  R30,LOW(@0)
                 	LDI  R31,HIGH(@0)
                 	LDI  R22,BYTE3(@0)
                 	LDI  R23,BYTE4(@0)
                 	.ENDM
                 
                 	.MACRO __GETD2N
                 	LDI  R26,LOW(@0)
                 	LDI  R27,HIGH(@0)
                 	LDI  R24,BYTE3(@0)
                 	LDI  R25,BYTE4(@0)
                 	.ENDM
                 
                 	.MACRO __GETB1MN
                 	LDS  R30,@0+(@1)
                 	.ENDM
                 
                 	.MACRO __GETB1HMN
                 	LDS  R31,@0+(@1)
                 	.ENDM
                 
                 	.MACRO __GETW1MN
                 	LDS  R30,@0+(@1)
                 	LDS  R31,@0+(@1)+1
                 	.ENDM
                 
                 	.MACRO __GETD1MN
                 	LDS  R30,@0+(@1)
                 	LDS  R31,@0+(@1)+1
                 	LDS  R22,@0+(@1)+2
                 	LDS  R23,@0+(@1)+3
                 	.ENDM
                 
                 	.MACRO __GETBRMN
                 	LDS  R@0,@1+(@2)
                 	.ENDM
                 
                 	.MACRO __GETWRMN
                 	LDS  R@0,@2+(@3)
                 	LDS  R@1,@2+(@3)+1
                 	.ENDM
                 
                 	.MACRO __GETWRZ
                 	LDD  R@0,Z+@2
                 	LDD  R@1,Z+@2+1
                 	.ENDM
                 
                 	.MACRO __GETD2Z
                 	LDD  R26,Z+@0
                 	LDD  R27,Z+@0+1
                 	LDD  R24,Z+@0+2
                 	LDD  R25,Z+@0+3
                 	.ENDM
                 
                 	.MACRO __GETB2MN
                 	LDS  R26,@0+(@1)
                 	.ENDM
                 
                 	.MACRO __GETW2MN
                 	LDS  R26,@0+(@1)
                 	LDS  R27,@0+(@1)+1
                 	.ENDM
                 
                 	.MACRO __GETD2MN
                 	LDS  R26,@0+(@1)
                 	LDS  R27,@0+(@1)+1
                 	LDS  R24,@0+(@1)+2
                 	LDS  R25,@0+(@1)+3
                 	.ENDM
                 
                 	.MACRO __PUTB1MN
                 	STS  @0+(@1),R30
                 	.ENDM
                 
                 	.MACRO __PUTW1MN
                 	STS  @0+(@1),R30
                 	STS  @0+(@1)+1,R31
                 	.ENDM
                 
                 	.MACRO __PUTD1MN
                 	STS  @0+(@1),R30
                 	STS  @0+(@1)+1,R31
                 	STS  @0+(@1)+2,R22
                 	STS  @0+(@1)+3,R23
                 	.ENDM
                 
                 	.MACRO __PUTB1EN
                 	LDI  R26,LOW(@0+(@1))
                 	LDI  R27,HIGH(@0+(@1))
                 	CALL __EEPROMWRB
                 	.ENDM
                 
                 	.MACRO __PUTW1EN
                 	LDI  R26,LOW(@0+(@1))
                 	LDI  R27,HIGH(@0+(@1))
                 	CALL __EEPROMWRW
                 	.ENDM
                 
                 	.MACRO __PUTD1EN
                 	LDI  R26,LOW(@0+(@1))
                 	LDI  R27,HIGH(@0+(@1))
                 	CALL __EEPROMWRD
                 	.ENDM
                 
                 	.MACRO __PUTBR0MN
                 	STS  @0+(@1),R0
                 	.ENDM
                 
                 	.MACRO __PUTBMRN
                 	STS  @0+(@1),R@2
                 	.ENDM
                 
                 	.MACRO __PUTWMRN
                 	STS  @0+(@1),R@2
                 	STS  @0+(@1)+1,R@3
                 	.ENDM
                 
                 	.MACRO __PUTBZR
                 	STD  Z+@1,R@0
                 	.ENDM
                 
                 	.MACRO __PUTWZR
                 	STD  Z+@2,R@0
                 	STD  Z+@2+1,R@1
                 	.ENDM
                 
                 	.MACRO __GETW1R
                 	MOV  R30,R@0
                 	MOV  R31,R@1
                 	.ENDM
                 
                 	.MACRO __GETW2R
                 	MOV  R26,R@0
                 	MOV  R27,R@1
                 	.ENDM
                 
                 	.MACRO __GETWRN
                 	LDI  R@0,LOW(@2)
                 	LDI  R@1,HIGH(@2)
                 	.ENDM
                 
                 	.MACRO __PUTW1R
                 	MOV  R@0,R30
                 	MOV  R@1,R31
                 	.ENDM
                 
                 	.MACRO __PUTW2R
                 	MOV  R@0,R26
                 	MOV  R@1,R27
                 	.ENDM
                 
                 	.MACRO __ADDWRN
                 	SUBI R@0,LOW(-@2)
                 	SBCI R@1,HIGH(-@2)
                 	.ENDM
                 
                 	.MACRO __ADDWRR
                 	ADD  R@0,R@2
                 	ADC  R@1,R@3
                 	.ENDM
                 
                 	.MACRO __SUBWRN
                 	SUBI R@0,LOW(@2)
                 	SBCI R@1,HIGH(@2)
                 	.ENDM
                 
                 	.MACRO __SUBWRR
                 	SUB  R@0,R@2
                 	SBC  R@1,R@3
                 	.ENDM
                 
                 	.MACRO __ANDWRN
                 	ANDI R@0,LOW(@2)
                 	ANDI R@1,HIGH(@2)
                 	.ENDM
                 
                 	.MACRO __ANDWRR
                 	AND  R@0,R@2
                 	AND  R@1,R@3
                 	.ENDM
                 
                 	.MACRO __ORWRN
                 	ORI  R@0,LOW(@2)
                 	ORI  R@1,HIGH(@2)
                 	.ENDM
                 
                 	.MACRO __ORWRR
                 	OR   R@0,R@2
                 	OR   R@1,R@3
                 	.ENDM
                 
                 	.MACRO __EORWRR
                 	EOR  R@0,R@2
                 	EOR  R@1,R@3
                 	.ENDM
                 
                 	.MACRO __GETWRS
                 	LDD  R@0,Y+@2
                 	LDD  R@1,Y+@2+1
                 	.ENDM
                 
                 	.MACRO __PUTBSR
                 	STD  Y+@1,R@0
                 	.ENDM
                 
                 	.MACRO __PUTWSR
                 	STD  Y+@2,R@0
                 	STD  Y+@2+1,R@1
                 	.ENDM
                 
                 	.MACRO __MOVEWRR
                 	MOV  R@0,R@2
                 	MOV  R@1,R@3
                 	.ENDM
                 
                 	.MACRO __INWR
                 	IN   R@0,@2
                 	IN   R@1,@2+1
                 	.ENDM
                 
                 	.MACRO __OUTWR
                 	OUT  @2+1,R@1
                 	OUT  @2,R@0
                 	.ENDM
                 
                 	.MACRO __CALL1MN
                 	LDS  R30,@0+(@1)
                 	LDS  R31,@0+(@1)+1
                 	ICALL
                 	.ENDM
                 
                 	.MACRO __CALL1FN
                 	LDI  R30,LOW(2*@0+(@1))
                 	LDI  R31,HIGH(2*@0+(@1))
                 	CALL __GETW1PF
                 	ICALL
                 	.ENDM
                 
                 	.MACRO __CALL2EN
                 	PUSH R26
                 	PUSH R27
                 	LDI  R26,LOW(@0+(@1))
                 	LDI  R27,HIGH(@0+(@1))
                 	CALL __EEPROMRDW
                 	POP  R27
                 	POP  R26
                 	ICALL
                 	.ENDM
                 
                 	.MACRO __CALL2EX
                 	SUBI R26,LOW(-@0)
                 	SBCI R27,HIGH(-@0)
                 	CALL __EEPROMRDD
                 	ICALL
                 	.ENDM
                 
                 	.MACRO __GETW1STACK
                 	IN   R30,SPL
                 	IN   R31,SPH
                 	ADIW R30,@0+1
                 	LD   R0,Z+
                 	LD   R31,Z
                 	MOV  R30,R0
                 	.ENDM
                 
                 	.MACRO __GETD1STACK
                 	IN   R30,SPL
                 	IN   R31,SPH
                 	ADIW R30,@0+1
                 	LD   R0,Z+
                 	LD   R1,Z+
                 	LD   R22,Z
                 	MOVW R30,R0
                 	.ENDM
                 
                 	.MACRO __NBST
                 	BST  R@0,@1
                 	IN   R30,SREG
                 	LDI  R31,0x40
                 	EOR  R30,R31
                 	OUT  SREG,R30
                 	.ENDM
                 
                 
                 	.MACRO __PUTB1SN
                 	LDD  R26,Y+@0
                 	LDD  R27,Y+@0+1
                 	SUBI R26,LOW(-@1)
                 	SBCI R27,HIGH(-@1)
                 	ST   X,R30
                 	.ENDM
                 
                 	.MACRO __PUTW1SN
                 	LDD  R26,Y+@0
                 	LDD  R27,Y+@0+1
                 	SUBI R26,LOW(-@1)
                 	SBCI R27,HIGH(-@1)
                 	ST   X+,R30
                 	ST   X,R31
                 	.ENDM
                 
                 	.MACRO __PUTD1SN
                 	LDD  R26,Y+@0
                 	LDD  R27,Y+@0+1
                 	SUBI R26,LOW(-@1)
                 	SBCI R27,HIGH(-@1)
                 	CALL __PUTDP1
                 	.ENDM
                 
                 	.MACRO __PUTB1SNS
                 	LDD  R26,Y+@0
                 	LDD  R27,Y+@0+1
                 	ADIW R26,@1
                 	ST   X,R30
                 	.ENDM
                 
                 	.MACRO __PUTW1SNS
                 	LDD  R26,Y+@0
                 	LDD  R27,Y+@0+1
                 	ADIW R26,@1
                 	ST   X+,R30
                 	ST   X,R31
                 	.ENDM
                 
                 	.MACRO __PUTD1SNS
                 	LDD  R26,Y+@0
                 	LDD  R27,Y+@0+1
                 	ADIW R26,@1
                 	CALL __PUTDP1
                 	.ENDM
                 
                 	.MACRO __PUTB1PMN
                 	LDS  R26,@0
                 	LDS  R27,@0+1
                 	SUBI R26,LOW(-@1)
                 	SBCI R27,HIGH(-@1)
                 	ST   X,R30
                 	.ENDM
                 
                 	.MACRO __PUTW1PMN
                 	LDS  R26,@0
                 	LDS  R27,@0+1
                 	SUBI R26,LOW(-@1)
                 	SBCI R27,HIGH(-@1)
                 	ST   X+,R30
                 	ST   X,R31
                 	.ENDM
                 
                 	.MACRO __PUTD1PMN
                 	LDS  R26,@0
                 	LDS  R27,@0+1
                 	SUBI R26,LOW(-@1)
                 	SBCI R27,HIGH(-@1)
                 	CALL __PUTDP1
                 	.ENDM
                 
                 	.MACRO __PUTB1PMNS
                 	LDS  R26,@0
                 	LDS  R27,@0+1
                 	ADIW R26,@1
                 	ST   X,R30
                 	.ENDM
                 
                 	.MACRO __PUTW1PMNS
                 	LDS  R26,@0
                 	LDS  R27,@0+1
                 	ADIW R26,@1
                 	ST   X+,R30
                 	ST   X,R31
                 	.ENDM
                 
                 	.MACRO __PUTD1PMNS
                 	LDS  R26,@0
                 	LDS  R27,@0+1
                 	ADIW R26,@1
                 	CALL __PUTDP1
                 	.ENDM
                 
                 	.MACRO __PUTB1RN
                 	MOVW R26,R@0
                 	SUBI R26,LOW(-@1)
                 	SBCI R27,HIGH(-@1)
                 	ST   X,R30
                 	.ENDM
                 
                 	.MACRO __PUTW1RN
                 	MOVW R26,R@0
                 	SUBI R26,LOW(-@1)
                 	SBCI R27,HIGH(-@1)
                 	ST   X+,R30
                 	ST   X,R31
                 	.ENDM
                 
                 	.MACRO __PUTD1RN
                 	MOVW R26,R@0
                 	SUBI R26,LOW(-@1)
                 	SBCI R27,HIGH(-@1)
                 	CALL __PUTDP1
                 	.ENDM
                 
                 	.MACRO __PUTB1RNS
                 	MOVW R26,R@0
                 	ADIW R26,@1
                 	ST   X,R30
                 	.ENDM
                 
                 	.MACRO __PUTW1RNS
                 	MOVW R26,R@0
                 	ADIW R26,@1
                 	ST   X+,R30
                 	ST   X,R31
                 	.ENDM
                 
                 	.MACRO __PUTD1RNS
                 	MOVW R26,R@0
                 	ADIW R26,@1
                 	CALL __PUTDP1
                 	.ENDM
                 
                 	.MACRO __PUTB1RON
                 	MOV  R26,R@0
                 	MOV  R27,R@1
                 	SUBI R26,LOW(-@2)
                 	SBCI R27,HIGH(-@2)
                 	ST   X,R30
                 	.ENDM
                 
                 	.MACRO __PUTW1RON
                 	MOV  R26,R@0
                 	MOV  R27,R@1
                 	SUBI R26,LOW(-@2)
                 	SBCI R27,HIGH(-@2)
                 	ST   X+,R30
                 	ST   X,R31
                 	.ENDM
                 
                 	.MACRO __PUTD1RON
                 	MOV  R26,R@0
                 	MOV  R27,R@1
                 	SUBI R26,LOW(-@2)
                 	SBCI R27,HIGH(-@2)
                 	CALL __PUTDP1
                 	.ENDM
                 
                 	.MACRO __PUTB1RONS
                 	MOV  R26,R@0
                 	MOV  R27,R@1
                 	ADIW R26,@2
                 	ST   X,R30
                 	.ENDM
                 
                 	.MACRO __PUTW1RONS
                 	MOV  R26,R@0
                 	MOV  R27,R@1
                 	ADIW R26,@2
                 	ST   X+,R30
                 	ST   X,R31
                 	.ENDM
                 
                 	.MACRO __PUTD1RONS
                 	MOV  R26,R@0
                 	MOV  R27,R@1
                 	ADIW R26,@2
                 	CALL __PUTDP1
                 	.ENDM
                 
                 
                 	.MACRO __GETB1SX
                 	MOVW R30,R28
                 	SUBI R30,LOW(-@0)
                 	SBCI R31,HIGH(-@0)
                 	LD   R30,Z
                 	.ENDM
                 
                 	.MACRO __GETB1HSX
                 	MOVW R30,R28
                 	SUBI R30,LOW(-@0)
                 	SBCI R31,HIGH(-@0)
                 	LD   R31,Z
                 	.ENDM
                 
                 	.MACRO __GETW1SX
                 	MOVW R30,R28
                 	SUBI R30,LOW(-@0)
                 	SBCI R31,HIGH(-@0)
                 	LD   R0,Z+
                 	LD   R31,Z
                 	MOV  R30,R0
                 	.ENDM
                 
                 	.MACRO __GETD1SX
                 	MOVW R30,R28
                 	SUBI R30,LOW(-@0)
                 	SBCI R31,HIGH(-@0)
                 	LD   R0,Z+
                 	LD   R1,Z+
                 	LD   R22,Z+
                 	LD   R23,Z
                 	MOVW R30,R0
                 	.ENDM
                 
                 	.MACRO __GETB2SX
                 	MOVW R26,R28
                 	SUBI R26,LOW(-@0)
                 	SBCI R27,HIGH(-@0)
                 	LD   R26,X
                 	.ENDM
                 
                 	.MACRO __GETW2SX
                 	MOVW R26,R28
                 	SUBI R26,LOW(-@0)
                 	SBCI R27,HIGH(-@0)
                 	LD   R0,X+
                 	LD   R27,X
                 	MOV  R26,R0
                 	.ENDM
                 
                 	.MACRO __GETD2SX
                 	MOVW R26,R28
                 	SUBI R26,LOW(-@0)
                 	SBCI R27,HIGH(-@0)
                 	LD   R0,X+
                 	LD   R1,X+
                 	LD   R24,X+
                 	LD   R25,X
                 	MOVW R26,R0
                 	.ENDM
                 
                 	.MACRO __GETBRSX
                 	MOVW R30,R28
                 	SUBI R30,LOW(-@1)
                 	SBCI R31,HIGH(-@1)
                 	LD   R@0,Z
                 	.ENDM
                 
                 	.MACRO __GETWRSX
                 	MOVW R30,R28
                 	SUBI R30,LOW(-@2)
                 	SBCI R31,HIGH(-@2)
                 	LD   R@0,Z+
                 	LD   R@1,Z
                 	.ENDM
                 
                 	.MACRO __GETBRSX2
                 	MOVW R26,R28
                 	SUBI R26,LOW(-@1)
                 	SBCI R27,HIGH(-@1)
                 	LD   R@0,X
                 	.ENDM
                 
                 	.MACRO __GETWRSX2
                 	MOVW R26,R28
                 	SUBI R26,LOW(-@2)
                 	SBCI R27,HIGH(-@2)
                 	LD   R@0,X+
                 	LD   R@1,X
                 	.ENDM
                 
                 	.MACRO __LSLW8SX
                 	MOVW R30,R28
                 	SUBI R30,LOW(-@0)
                 	SBCI R31,HIGH(-@0)
                 	LD   R31,Z
                 	CLR  R30
                 	.ENDM
                 
                 	.MACRO __PUTB1SX
                 	MOVW R26,R28
                 	SUBI R26,LOW(-@0)
                 	SBCI R27,HIGH(-@0)
                 	ST   X,R30
                 	.ENDM
                 
                 	.MACRO __PUTW1SX
                 	MOVW R26,R28
                 	SUBI R26,LOW(-@0)
                 	SBCI R27,HIGH(-@0)
                 	ST   X+,R30
                 	ST   X,R31
                 	.ENDM
                 
                 	.MACRO __PUTD1SX
                 	MOVW R26,R28
                 	SUBI R26,LOW(-@0)
                 	SBCI R27,HIGH(-@0)
                 	ST   X+,R30
                 	ST   X+,R31
                 	ST   X+,R22
                 	ST   X,R23
                 	.ENDM
                 
                 	.MACRO __CLRW1SX
                 	MOVW R26,R28
                 	SUBI R26,LOW(-@0)
                 	SBCI R27,HIGH(-@0)
                 	ST   X+,R30
                 	ST   X,R30
                 	.ENDM
                 
                 	.MACRO __CLRD1SX
                 	MOVW R26,R28
                 	SUBI R26,LOW(-@0)
                 	SBCI R27,HIGH(-@0)
                 	ST   X+,R30
                 	ST   X+,R30
                 	ST   X+,R30
                 	ST   X,R30
                 	.ENDM
                 
                 	.MACRO __PUTB2SX
                 	MOVW R30,R28
                 	SUBI R30,LOW(-@0)
                 	SBCI R31,HIGH(-@0)
                 	ST   Z,R26
                 	.ENDM
                 
                 	.MACRO __PUTW2SX
                 	MOVW R30,R28
                 	SUBI R30,LOW(-@0)
                 	SBCI R31,HIGH(-@0)
                 	ST   Z+,R26
                 	ST   Z,R27
                 	.ENDM
                 
                 	.MACRO __PUTD2SX
                 	MOVW R30,R28
                 	SUBI R30,LOW(-@0)
                 	SBCI R31,HIGH(-@0)
                 	ST   Z+,R26
                 	ST   Z+,R27
                 	ST   Z+,R24
                 	ST   Z,R25
                 	.ENDM
                 
                 	.MACRO __PUTBSRX
                 	MOVW R30,R28
                 	SUBI R30,LOW(-@1)
                 	SBCI R31,HIGH(-@1)
                 	ST   Z,R@0
                 	.ENDM
                 
                 	.MACRO __PUTWSRX
                 	MOVW R30,R28
                 	SUBI R30,LOW(-@2)
                 	SBCI R31,HIGH(-@2)
                 	ST   Z+,R@0
                 	ST   Z,R@1
                 	.ENDM
                 
                 	.MACRO __PUTB1SNX
                 	MOVW R26,R28
                 	SUBI R26,LOW(-@0)
                 	SBCI R27,HIGH(-@0)
                 	LD   R0,X+
                 	LD   R27,X
                 	MOV  R26,R0
                 	SUBI R26,LOW(-@1)
                 	SBCI R27,HIGH(-@1)
                 	ST   X,R30
                 	.ENDM
                 
                 	.MACRO __PUTW1SNX
                 	MOVW R26,R28
                 	SUBI R26,LOW(-@0)
                 	SBCI R27,HIGH(-@0)
                 	LD   R0,X+
                 	LD   R27,X
                 	MOV  R26,R0
                 	SUBI R26,LOW(-@1)
                 	SBCI R27,HIGH(-@1)
                 	ST   X+,R30
                 	ST   X,R31
                 	.ENDM
                 
                 	.MACRO __PUTD1SNX
                 	MOVW R26,R28
                 	SUBI R26,LOW(-@0)
                 	SBCI R27,HIGH(-@0)
                 	LD   R0,X+
                 	LD   R27,X
                 	MOV  R26,R0
                 	SUBI R26,LOW(-@1)
                 	SBCI R27,HIGH(-@1)
                 	ST   X+,R30
                 	ST   X+,R31
                 	ST   X+,R22
                 	ST   X,R23
                 	.ENDM
                 
                 	.MACRO __MULBRR
                 	MULS R@0,R@1
                 	MOVW R30,R0
                 	.ENDM
                 
                 	.MACRO __MULBRRU
                 	MUL  R@0,R@1
                 	MOVW R30,R0
                 	.ENDM
                 
                 	.MACRO __MULBRR0
                 	MULS R@0,R@1
                 	.ENDM
                 
                 	.MACRO __MULBRRU0
                 	MUL  R@0,R@1
                 	.ENDM
                 
                 	.MACRO __MULBNWRU
                 	LDI  R26,@2
                 	MUL  R26,R@0
                 	MOVW R30,R0
                 	MUL  R26,R@1
                 	ADD  R31,R0
                 	.ENDM
                 
                 ;NAME DEFINITIONS FOR GLOBAL VARIABLES ALLOCATED TO REGISTERS
                 	.DEF _key=R5
                 
                 	.CSEG
                 	.ORG 0x00
                 
                 ;START OF CODE MARKER
                 __START_OF_CODE:
                 
                 ;INTERRUPT VECTORS
000000 940c 0034 	JMP  __RESET
000002 940c 0000 	JMP  0x00
000004 940c 0000 	JMP  0x00
000006 940c 0000 	JMP  0x00
000008 940c 0000 	JMP  0x00
00000a 940c 0000 	JMP  0x00
00000c 940c 0000 	JMP  0x00
00000e 940c 0000 	JMP  0x00
000010 940c 0000 	JMP  0x00
000012 940c 0000 	JMP  0x00
000014 940c 0000 	JMP  0x00
000016 940c 0000 	JMP  0x00
000018 940c 0000 	JMP  0x00
00001a 940c 0000 	JMP  0x00
00001c 940c 0000 	JMP  0x00
00001e 940c 0000 	JMP  0x00
000020 940c 0000 	JMP  0x00
000022 940c 0000 	JMP  0x00
000024 940c 0000 	JMP  0x00
000026 940c 0000 	JMP  0x00
000028 940c 0000 	JMP  0x00
                 
                 ;GLOBAL REGISTER VARIABLES INITIALIZATION
                 __REG_VARS:
U:\VRU\3992\AZ Riz\excersise\8- 4x4 Keyboard Multiplex Seven Segment\CodeV\Debug\List\2.asm(1121): warning: .cseg .db misalignment - padding zero byte
00002a 0000      	.DB  0x0
                 
                 _0x3:
00002b 0f0f
00002c 0f0f      	.DB  0xF,0xF,0xF,0xF
                 
                 __GLOBAL_INI_TBL:
00002d 0001      	.DW  0x01
00002e 0005      	.DW  0x05
00002f 0054      	.DW  __REG_VARS*2
                 
000030 0004      	.DW  0x04
000031 0260      	.DW  _data
000032 0056      	.DW  _0x3*2
                 
                 _0xFFFFFFFF:
000033 0000      	.DW  0
                 
                 #define __GLOBAL_INI_TBL_PRESENT 1
                 
                 __RESET:
000034 94f8      	CLI
000035 27ee      	CLR  R30
000036 bbec      	OUT  EECR,R30
                 
                 ;INTERRUPT VECTORS ARE PLACED
                 ;AT THE START OF FLASH
000037 e0f1      	LDI  R31,1
000038 bffb      	OUT  GICR,R31
000039 bfeb      	OUT  GICR,R30
00003a bfe5      	OUT  MCUCR,R30
                 
                 ;CLEAR R2-R14
00003b e08d      	LDI  R24,(14-2)+1
00003c e0a2      	LDI  R26,2
00003d 27bb      	CLR  R27
                 __CLEAR_REG:
00003e 93ed      	ST   X+,R30
00003f 958a      	DEC  R24
000040 f7e9      	BRNE __CLEAR_REG
                 
                 ;CLEAR SRAM
000041 e080      	LDI  R24,LOW(__CLEAR_SRAM_SIZE)
000042 e098      	LDI  R25,HIGH(__CLEAR_SRAM_SIZE)
000043 e6a0      	LDI  R26,__SRAM_START
                 __CLEAR_SRAM:
000044 93ed      	ST   X+,R30
000045 9701      	SBIW R24,1
000046 f7e9      	BRNE __CLEAR_SRAM
                 
                 ;GLOBAL VARIABLES INITIALIZATION
000047 e5ea      	LDI  R30,LOW(__GLOBAL_INI_TBL*2)
000048 e0f0      	LDI  R31,HIGH(__GLOBAL_INI_TBL*2)
                 __GLOBAL_INI_NEXT:
000049 9185      	LPM  R24,Z+
00004a 9195      	LPM  R25,Z+
00004b 9700      	SBIW R24,0
00004c f061      	BREQ __GLOBAL_INI_END
00004d 91a5      	LPM  R26,Z+
00004e 91b5      	LPM  R27,Z+
00004f 9005      	LPM  R0,Z+
000050 9015      	LPM  R1,Z+
000051 01bf      	MOVW R22,R30
000052 01f0      	MOVW R30,R0
                 __GLOBAL_INI_LOOP:
000053 9005      	LPM  R0,Z+
000054 920d      	ST   X+,R0
000055 9701      	SBIW R24,1
000056 f7e1      	BRNE __GLOBAL_INI_LOOP
000057 01fb      	MOVW R30,R22
000058 cff0      	RJMP __GLOBAL_INI_NEXT
                 __GLOBAL_INI_END:
                 
                 ;HARDWARE STACK POINTER INITIALIZATION
000059 e5ef      	LDI  R30,LOW(__SRAM_END-__HEAP_SIZE)
00005a bfed      	OUT  SPL,R30
00005b e0e8      	LDI  R30,HIGH(__SRAM_END-__HEAP_SIZE)
00005c bfee      	OUT  SPH,R30
                 
                 ;DATA STACK POINTER INITIALIZATION
00005d e6c0      	LDI  R28,LOW(__SRAM_START+__DSTACK_SIZE)
00005e e0d2      	LDI  R29,HIGH(__SRAM_START+__DSTACK_SIZE)
                 
00005f 940c 00c0 	JMP  _main
                 
                 	.ESEG
                 	.ORG 0
                 
                 	.DSEG
                 	.ORG 0x260
                 
                 	.CSEG
                 ;/*******************************************************
                 ;This program was created by the
                 ;CodeWizardAVR V3.12 Advanced
                 ;Automatic Program Generator
                 ;© Copyright 1998-2014 Pavel Haiduc, HP InfoTech s.r.l.
                 ;http://www.hpinfotech.com
                 ;
                 ;Project :
                 ;Version :
                 ;Date    : 1/3/2021
                 ;Author  :
                 ;Company :
                 ;Comments:
                 ;
                 ;
                 ;Chip type               : ATmega32
                 ;Program type            : Application
                 ;AVR Core Clock frequency: 1.000000 MHz
                 ;Memory model            : Small
                 ;External RAM size       : 0
                 ;Data Stack size         : 512
                 ;*******************************************************/
                 ;
                 ;#include <mega32.h>
                 	#ifndef __SLEEP_DEFINED__
                 	#define __SLEEP_DEFINED__
                 	.EQU __se_bit=0x80
                 	.EQU __sm_mask=0x70
                 	.EQU __sm_powerdown=0x20
                 	.EQU __sm_powersave=0x30
                 	.EQU __sm_standby=0x60
                 	.EQU __sm_ext_standby=0x70
                 	.EQU __sm_adc_noise_red=0x10
                 	.SET power_ctrl_reg=mcucr
                 	#endif
                 ;#include <delay.h>
                 ;// Declare your global variables here
                 ;unsigned char data[4]={0x0f,0x0f,0x0f,0x0f};
                 
                 	.DSEG
                 ;void display(void){
                 ; 0000 001C void display(void){
                 
                 	.CSEG
                 _display:
                 ; .FSTART _display
                 ; 0000 001D     register unsigned char i;
                 ; 0000 001E     //        0x80 = 1000 0000
                 ; 0000 001F     //        0x40 = 0100 0000
                 ; 0000 0020     //        0x20 = 0010 0000
                 ; 0000 0021     //        0x10 = 0001 0000
                 ; 0000 0022     unsigned char select[4]={0x80,0x40,0x20,0x10};
                 ; 0000 0023 
                 ; 0000 0024 
                 ; 0000 0025     for(i=0;i<4;i++){
000061 9724      	SBIW R28,4
000062 e8e0      	LDI  R30,LOW(128)
000063 83e8      	ST   Y,R30
000064 e4e0      	LDI  R30,LOW(64)
000065 83e9      	STD  Y+1,R30
000066 e2e0      	LDI  R30,LOW(32)
000067 83ea      	STD  Y+2,R30
000068 e1e0      	LDI  R30,LOW(16)
000069 83eb      	STD  Y+3,R30
00006a 931a      	ST   -Y,R17
                 ;	i -> R17
                 ;	select -> Y+1
00006b e010      	LDI  R17,LOW(0)
                 _0x5:
00006c 3014      	CPI  R17,4
00006d f4e0      	BRSH _0x6
                 ; 0000 0026         PORTD=data[i];
00006e 2fe1      	MOV  R30,R17
00006f e0f0      	LDI  R31,0
000070 5ae0      	SUBI R30,LOW(-_data)
000071 4ffd      	SBCI R31,HIGH(-_data)
000072 81e0      	LD   R30,Z
000073 bbe2      	OUT  0x12,R30
                 ; 0000 0027         PORTD= select[i] | data[i];
000074 2fe1      	MOV  R30,R17
000075 e0f0      	LDI  R31,0
000076 01de      	MOVW R26,R28
000077 9611      	ADIW R26,1
000078 0fae      	ADD  R26,R30
000079 1fbf      	ADC  R27,R31
00007a 91ac      	LD   R26,X
00007b 2fe1      	MOV  R30,R17
00007c e0f0      	LDI  R31,0
00007d 5ae0      	SUBI R30,LOW(-_data)
00007e 4ffd      	SBCI R31,HIGH(-_data)
00007f 81e0      	LD   R30,Z
000080 2bea      	OR   R30,R26
000081 bbe2      	OUT  0x12,R30
                 ; 0000 0028         delay_ms(5);
000082 e0a5      	LDI  R26,LOW(5)
000083 e0b0      	LDI  R27,0
000084 940e 013b 	CALL _delay_ms
                 ; 0000 0029         PORTD=0x0f;
000086 e0ef      	LDI  R30,LOW(15)
000087 bbe2      	OUT  0x12,R30
                 ; 0000 002A     }
000088 5f1f      	SUBI R17,-1
000089 cfe2      	RJMP _0x5
                 _0x6:
                 ; 0000 002B }
00008a 8118      	LDD  R17,Y+0
00008b 9625      	ADIW R28,5
00008c 9508      	RET
                 ; .FEND
                 ;unsigned char key = 0;
                 ;unsigned char keyboard(void){
                 ; 0000 002D unsigned char keyboard(void){
                 _keyboard:
                 ; .FSTART _keyboard
                 ; 0000 002E         PORTA = 0b01110000;
00008d e7e0      	LDI  R30,LOW(112)
00008e bbeb      	OUT  0x1B,R30
                 ; 0000 002F         if (PINA.1 == 0)return 1;
00008f 99c9      	SBIC 0x19,1
000090 c002      	RJMP _0x7
000091 e0e1      	LDI  R30,LOW(1)
000092 9508      	RET
                 ; 0000 0030         if (PINA.2 == 0)return 4;
                 _0x7:
000093 99ca      	SBIC 0x19,2
000094 c002      	RJMP _0x8
000095 e0e4      	LDI  R30,LOW(4)
000096 9508      	RET
                 ; 0000 0031         if (PINA.3 == 0)return 7;
                 _0x8:
000097 99cb      	SBIC 0x19,3
000098 c002      	RJMP _0x9
000099 e0e7      	LDI  R30,LOW(7)
00009a 9508      	RET
                 ; 0000 0032         PORTA = 0b10110000;
                 _0x9:
00009b ebe0      	LDI  R30,LOW(176)
00009c bbeb      	OUT  0x1B,R30
                 ; 0000 0033         if (PINA.0 == 0)return 0;
00009d 99c8      	SBIC 0x19,0
00009e c002      	RJMP _0xA
00009f e0e0      	LDI  R30,LOW(0)
0000a0 9508      	RET
                 ; 0000 0034         if (PINA.1 == 0)return 2;
                 _0xA:
0000a1 99c9      	SBIC 0x19,1
0000a2 c002      	RJMP _0xB
0000a3 e0e2      	LDI  R30,LOW(2)
0000a4 9508      	RET
                 ; 0000 0035         if (PINA.2 == 0)return 5;
                 _0xB:
0000a5 99ca      	SBIC 0x19,2
0000a6 c002      	RJMP _0xC
0000a7 e0e5      	LDI  R30,LOW(5)
0000a8 9508      	RET
                 ; 0000 0036         if (PINA.3 == 0)return 8;
                 _0xC:
0000a9 99cb      	SBIC 0x19,3
0000aa c002      	RJMP _0xD
0000ab e0e8      	LDI  R30,LOW(8)
0000ac 9508      	RET
                 ; 0000 0037         PORTA = 0b11010000;
                 _0xD:
0000ad ede0      	LDI  R30,LOW(208)
0000ae bbeb      	OUT  0x1B,R30
                 ; 0000 0038         if (PINA.1 == 0)return 3;
0000af 99c9      	SBIC 0x19,1
0000b0 c002      	RJMP _0xE
0000b1 e0e3      	LDI  R30,LOW(3)
0000b2 9508      	RET
                 ; 0000 0039         if (PINA.2 == 0)return 6;
                 _0xE:
0000b3 99ca      	SBIC 0x19,2
0000b4 c002      	RJMP _0xF
0000b5 e0e6      	LDI  R30,LOW(6)
0000b6 9508      	RET
                 ; 0000 003A         if (PINA.3 == 0)return 9;
                 _0xF:
0000b7 99cb      	SBIC 0x19,3
0000b8 c002      	RJMP _0x10
0000b9 e0e9      	LDI  R30,LOW(9)
0000ba 9508      	RET
                 ; 0000 003B         else {
                 _0x10:
                 ; 0000 003C         PORTB = 0xf0;
0000bb efe0      	LDI  R30,LOW(240)
0000bc bbe8      	OUT  0x18,R30
                 ; 0000 003D         return 20;
0000bd e1e4      	LDI  R30,LOW(20)
0000be 9508      	RET
                 ; 0000 003E     }
                 ; 0000 003F }
0000bf 9508      	RET
                 ; .FEND
                 ;
                 ;
                 ;void main(void)
                 ; 0000 0043 {
                 _main:
                 ; .FSTART _main
                 ; 0000 0044 // Declare your local variables here
                 ; 0000 0045 unsigned char j,key=20;
                 ; 0000 0046 unsigned int i=0,i1;
                 ; 0000 0047 // Input/Output Ports initialization
                 ; 0000 0048 // Port A initialization
                 ; 0000 0049 // Function: Bit7=In Bit6=Out Bit5=Out Bit4=Out Bit3=Out Bit2=In Bit1=In Bit0=In
                 ; 0000 004A DDRA=(1<<DDA7) | (1<<DDA6) | (1<<DDA5) | (1<<DDA4) | (0<<DDA3) | (0<<DDA2) | (0<<DDA1) | (0<<DDA0);
                 ;	j -> R17
                 ;	key -> R16
                 ;	i -> R18,R19
                 ;	i1 -> R20,R21
0000c0 e104      	LDI  R16,20
                +
0000c1 e020     +LDI R18 , LOW ( 0 )
0000c2 e030     +LDI R19 , HIGH ( 0 )
                 	__GETWRN 18,19,0
0000c3 efe0      	LDI  R30,LOW(240)
0000c4 bbea      	OUT  0x1A,R30
                 ; 0000 004B // State: Bit7=T Bit6=0 Bit5=0 Bit4=0 Bit3=0 Bit2=T Bit1=T Bit0=T
                 ; 0000 004C PORTA=(0<<PORTA7) | (0<<PORTA6) | (0<<PORTA5) | (0<<PORTA4) | (0<<PORTA3) | (0<<PORTA2) | (0<<PORTA1) | (0<<PORTA0);
0000c5 e0e0      	LDI  R30,LOW(0)
0000c6 bbeb      	OUT  0x1B,R30
                 ; 0000 004D 
                 ; 0000 004E // Port B initialization
                 ; 0000 004F // Function: Bit7=In Bit6=In Bit5=In Bit4=In Bit3=In Bit2=In Bit1=In Bit0=In
                 ; 0000 0050 DDRB=(0<<DDB7) | (0<<DDB6) | (0<<DDB5) | (0<<DDB4) | (0<<DDB3) | (0<<DDB2) | (0<<DDB1) | (0<<DDB0);
0000c7 bbe7      	OUT  0x17,R30
                 ; 0000 0051 // State: Bit7=T Bit6=T Bit5=T Bit4=T Bit3=T Bit2=T Bit1=T Bit0=T
                 ; 0000 0052 PORTB=(0<<PORTB7) | (0<<PORTB6) | (0<<PORTB5) | (0<<PORTB4) | (0<<PORTB3) | (0<<PORTB2) | (0<<PORTB1) | (0<<PORTB0);
0000c8 bbe8      	OUT  0x18,R30
                 ; 0000 0053 
                 ; 0000 0054 // Port C initialization
                 ; 0000 0055 // Function: Bit7=In Bit6=In Bit5=In Bit4=In Bit3=In Bit2=In Bit1=In Bit0=In
                 ; 0000 0056 DDRC=(0<<DDC7) | (0<<DDC6) | (0<<DDC5) | (0<<DDC4) | (0<<DDC3) | (0<<DDC2) | (0<<DDC1) | (0<<DDC0);
0000c9 bbe4      	OUT  0x14,R30
                 ; 0000 0057 // State: Bit7=T Bit6=T Bit5=T Bit4=T Bit3=T Bit2=T Bit1=T Bit0=T
                 ; 0000 0058 PORTC=(0<<PORTC7) | (0<<PORTC6) | (0<<PORTC5) | (0<<PORTC4) | (0<<PORTC3) | (0<<PORTC2) | (0<<PORTC1) | (0<<PORTC0);
0000ca bbe5      	OUT  0x15,R30
                 ; 0000 0059 
                 ; 0000 005A // Port D initialization
                 ; 0000 005B // Function: Bit7=Out Bit6=Out Bit5=Out Bit4=Out Bit3=Out Bit2=Out Bit1=Out Bit0=Out
                 ; 0000 005C DDRD=(1<<DDD7) | (1<<DDD6) | (1<<DDD5) | (1<<DDD4) | (1<<DDD3) | (1<<DDD2) | (1<<DDD1) | (1<<DDD0);
0000cb efef      	LDI  R30,LOW(255)
0000cc bbe1      	OUT  0x11,R30
                 ; 0000 005D // State: Bit7=0 Bit6=0 Bit5=0 Bit4=0 Bit3=0 Bit2=0 Bit1=0 Bit0=0
                 ; 0000 005E PORTD=(0<<PORTD7) | (0<<PORTD6) | (0<<PORTD5) | (0<<PORTD4) | (0<<PORTD3) | (0<<PORTD2) | (0<<PORTD1) | (0<<PORTD0);
0000cd e0e0      	LDI  R30,LOW(0)
0000ce bbe2      	OUT  0x12,R30
                 ; 0000 005F 
                 ; 0000 0060 // Timer/Counter 0 initialization
                 ; 0000 0061 // Clock source: System Clock
                 ; 0000 0062 // Clock value: Timer 0 Stopped
                 ; 0000 0063 // Mode: Normal top=0xFF
                 ; 0000 0064 // OC0 output: Disconnected
                 ; 0000 0065 TCCR0=(0<<WGM00) | (0<<COM01) | (0<<COM00) | (0<<WGM01) | (0<<CS02) | (0<<CS01) | (0<<CS00);
0000cf bfe3      	OUT  0x33,R30
                 ; 0000 0066 TCNT0=0x00;
0000d0 bfe2      	OUT  0x32,R30
                 ; 0000 0067 OCR0=0x00;
0000d1 bfec      	OUT  0x3C,R30
                 ; 0000 0068 
                 ; 0000 0069 // Timer/Counter 1 initialization
                 ; 0000 006A // Clock source: System Clock
                 ; 0000 006B // Clock value: Timer1 Stopped
                 ; 0000 006C // Mode: Normal top=0xFFFF
                 ; 0000 006D // OC1A output: Disconnected
                 ; 0000 006E // OC1B output: Disconnected
                 ; 0000 006F // Noise Canceler: Off
                 ; 0000 0070 // Input Capture on Falling Edge
                 ; 0000 0071 // Timer1 Overflow Interrupt: Off
                 ; 0000 0072 // Input Capture Interrupt: Off
                 ; 0000 0073 // Compare A Match Interrupt: Off
                 ; 0000 0074 // Compare B Match Interrupt: Off
                 ; 0000 0075 TCCR1A=(0<<COM1A1) | (0<<COM1A0) | (0<<COM1B1) | (0<<COM1B0) | (0<<WGM11) | (0<<WGM10);
0000d2 bdef      	OUT  0x2F,R30
                 ; 0000 0076 TCCR1B=(0<<ICNC1) | (0<<ICES1) | (0<<WGM13) | (0<<WGM12) | (0<<CS12) | (0<<CS11) | (0<<CS10);
0000d3 bdee      	OUT  0x2E,R30
                 ; 0000 0077 TCNT1H=0x00;
0000d4 bded      	OUT  0x2D,R30
                 ; 0000 0078 TCNT1L=0x00;
0000d5 bdec      	OUT  0x2C,R30
                 ; 0000 0079 ICR1H=0x00;
0000d6 bde7      	OUT  0x27,R30
                 ; 0000 007A ICR1L=0x00;
0000d7 bde6      	OUT  0x26,R30
                 ; 0000 007B OCR1AH=0x00;
0000d8 bdeb      	OUT  0x2B,R30
                 ; 0000 007C OCR1AL=0x00;
0000d9 bdea      	OUT  0x2A,R30
                 ; 0000 007D OCR1BH=0x00;
0000da bde9      	OUT  0x29,R30
                 ; 0000 007E OCR1BL=0x00;
0000db bde8      	OUT  0x28,R30
                 ; 0000 007F 
                 ; 0000 0080 // Timer/Counter 2 initialization
                 ; 0000 0081 // Clock source: System Clock
                 ; 0000 0082 // Clock value: Timer2 Stopped
                 ; 0000 0083 // Mode: Normal top=0xFF
                 ; 0000 0084 // OC2 output: Disconnected
                 ; 0000 0085 ASSR=0<<AS2;
0000dc bde2      	OUT  0x22,R30
                 ; 0000 0086 TCCR2=(0<<PWM2) | (0<<COM21) | (0<<COM20) | (0<<CTC2) | (0<<CS22) | (0<<CS21) | (0<<CS20);
0000dd bde5      	OUT  0x25,R30
                 ; 0000 0087 TCNT2=0x00;
0000de bde4      	OUT  0x24,R30
                 ; 0000 0088 OCR2=0x00;
0000df bde3      	OUT  0x23,R30
                 ; 0000 0089 
                 ; 0000 008A // Timer(s)/Counter(s) Interrupt(s) initialization
                 ; 0000 008B TIMSK=(0<<OCIE2) | (0<<TOIE2) | (0<<TICIE1) | (0<<OCIE1A) | (0<<OCIE1B) | (0<<TOIE1) | (0<<OCIE0) | (0<<TOIE0);
0000e0 bfe9      	OUT  0x39,R30
                 ; 0000 008C 
                 ; 0000 008D // External Interrupt(s) initialization
                 ; 0000 008E // INT0: Off
                 ; 0000 008F // INT1: Off
                 ; 0000 0090 // INT2: Off
                 ; 0000 0091 MCUCR=(0<<ISC11) | (0<<ISC10) | (0<<ISC01) | (0<<ISC00);
0000e1 bfe5      	OUT  0x35,R30
                 ; 0000 0092 MCUCSR=(0<<ISC2);
0000e2 bfe4      	OUT  0x34,R30
                 ; 0000 0093 
                 ; 0000 0094 // USART initialization
                 ; 0000 0095 // USART disabled
                 ; 0000 0096 UCSRB=(0<<RXCIE) | (0<<TXCIE) | (0<<UDRIE) | (0<<RXEN) | (0<<TXEN) | (0<<UCSZ2) | (0<<RXB8) | (0<<TXB8);
0000e3 b9ea      	OUT  0xA,R30
                 ; 0000 0097 
                 ; 0000 0098 // Analog Comparator initialization
                 ; 0000 0099 // Analog Comparator: Off
                 ; 0000 009A // The Analog Comparator's positive input is
                 ; 0000 009B // connected to the AIN0 pin
                 ; 0000 009C // The Analog Comparator's negative input is
                 ; 0000 009D // connected to the AIN1 pin
                 ; 0000 009E ACSR=(1<<ACD) | (0<<ACBG) | (0<<ACO) | (0<<ACI) | (0<<ACIE) | (0<<ACIC) | (0<<ACIS1) | (0<<ACIS0);
0000e4 e8e0      	LDI  R30,LOW(128)
0000e5 b9e8      	OUT  0x8,R30
                 ; 0000 009F SFIOR=(0<<ACME);
0000e6 e0e0      	LDI  R30,LOW(0)
0000e7 bfe0      	OUT  0x30,R30
                 ; 0000 00A0 
                 ; 0000 00A1 // ADC initialization
                 ; 0000 00A2 // ADC disabled
                 ; 0000 00A3 ADCSRA=(0<<ADEN) | (0<<ADSC) | (0<<ADATE) | (0<<ADIF) | (0<<ADIE) | (0<<ADPS2) | (0<<ADPS1) | (0<<ADPS0);
0000e8 b9e6      	OUT  0x6,R30
                 ; 0000 00A4 
                 ; 0000 00A5 // SPI initialization
                 ; 0000 00A6 // SPI disabled
                 ; 0000 00A7 SPCR=(0<<SPIE) | (0<<SPE) | (0<<DORD) | (0<<MSTR) | (0<<CPOL) | (0<<CPHA) | (0<<SPR1) | (0<<SPR0);
0000e9 b9ed      	OUT  0xD,R30
                 ; 0000 00A8 
                 ; 0000 00A9 // TWI initialization
                 ; 0000 00AA // TWI disabled
                 ; 0000 00AB TWCR=(0<<TWEA) | (0<<TWSTA) | (0<<TWSTO) | (0<<TWEN) | (0<<TWIE);
0000ea bfe6      	OUT  0x36,R30
                 ; 0000 00AC 
                 ; 0000 00AD 
                 ; 0000 00AE PORTD=0x0f;
0000eb e0ef      	LDI  R30,LOW(15)
0000ec bbe2      	OUT  0x12,R30
                 ; 0000 00AF PORTA=0xf0;
0000ed efe0      	LDI  R30,LOW(240)
0000ee bbeb      	OUT  0x1B,R30
                 ; 0000 00B0 while(1){
                 _0x12:
                 ; 0000 00B1 
                 ; 0000 00B2     key=keyboard();
0000ef df9d      	RCALL _keyboard
0000f0 2f0e      	MOV  R16,R30
                 ; 0000 00B3     if(key==11)key=0;
0000f1 300b      	CPI  R16,11
0000f2 f409      	BRNE _0x15
0000f3 e000      	LDI  R16,LOW(0)
                 ; 0000 00B4     if(key == 10){
                 _0x15:
0000f4 300a      	CPI  R16,10
0000f5 f4a1      	BRNE _0x16
                 ; 0000 00B5         register unsigned char x;
                 ; 0000 00B6         for (x =0;x<4;x++)
0000f6 9721      	SBIW R28,1
                 ;	x -> Y+0
0000f7 e0e0      	LDI  R30,LOW(0)
0000f8 83e8      	ST   Y,R30
                 _0x18:
0000f9 81a8      	LD   R26,Y
0000fa 30a4      	CPI  R26,LOW(0x4)
0000fb f450      	BRSH _0x19
                 ; 0000 00B7             data[x] = 0;
0000fc 81e8      	LD   R30,Y
0000fd e0f0      	LDI  R31,0
0000fe 5ae0      	SUBI R30,LOW(-_data)
0000ff 4ffd      	SBCI R31,HIGH(-_data)
000100 e0a0      	LDI  R26,LOW(0)
000101 83a0      	STD  Z+0,R26
000102 81e8      	LD   R30,Y
000103 5fef      	SUBI R30,-LOW(1)
000104 83e8      	ST   Y,R30
000105 cff3      	RJMP _0x18
                 _0x19:
                 ; 0000 00B8 i =0;
                +
000106 e020     +LDI R18 , LOW ( 0 )
000107 e030     +LDI R19 , HIGH ( 0 )
                 	__GETWRN 18,19,0
                 ; 0000 00B9         continue;
000108 9621      	ADIW R28,1
000109 cfe5      	RJMP _0x12
                 ; 0000 00BA     }
                 ; 0000 00BB     if((key!=20) && (key<10)) {
                 _0x16:
00010a 3104      	CPI  R16,20
00010b f011      	BREQ _0x1B
00010c 300a      	CPI  R16,10
00010d f008      	BRLO _0x1C
                 _0x1B:
00010e c024      	RJMP _0x1A
                 _0x1C:
                 ; 0000 00BC         i=i*10+key;
                +
00010f e0aa     +LDI R26 , 10
000110 9fa2     +MUL R26 , R18
000111 01f0     +MOVW R30 , R0
000112 9fa3     +MUL R26 , R19
000113 0df0     +ADD R31 , R0
                 	__MULBNWRU 18,19,10
000114 01df      	MOVW R26,R30
000115 2fe0      	MOV  R30,R16
000116 e0f0      	LDI  R31,0
000117 0fea      	ADD  R30,R26
000118 1ffb      	ADC  R31,R27
000119 019f      	MOVW R18,R30
                 ; 0000 00BD         key=20;
00011a e104      	LDI  R16,LOW(20)
                 ; 0000 00BE         i1=i;
00011b 01a9      	MOVW R20,R18
                 ; 0000 00BF     for(j=0;j<4;j++){
00011c e010      	LDI  R17,LOW(0)
                 _0x1E:
00011d 3014      	CPI  R17,4
00011e f4a0      	BRSH _0x1F
                 ; 0000 00C0         data[j]=i1%10;
00011f 2fe1      	MOV  R30,R17
000120 e0f0      	LDI  R31,0
000121 5ae0      	SUBI R30,LOW(-_data)
000122 4ffd      	SBCI R31,HIGH(-_data)
000123 01bf      	MOVW R22,R30
000124 01da      	MOVW R26,R20
000125 e0ea      	LDI  R30,LOW(10)
000126 e0f0      	LDI  R31,HIGH(10)
000127 940e 0158 	CALL __MODW21U
000129 01db      	MOVW R26,R22
00012a 93ec      	ST   X,R30
                 ; 0000 00C1         i1=i1/10;
00012b 01da      	MOVW R26,R20
00012c e0ea      	LDI  R30,LOW(10)
00012d e0f0      	LDI  R31,HIGH(10)
00012e 940e 0145 	CALL __DIVW21U
000130 01af      	MOVW R20,R30
                 ; 0000 00C2     }
000131 5f1f      	SUBI R17,-1
000132 cfea      	RJMP _0x1E
                 _0x1F:
                 ; 0000 00C3 
                 ; 0000 00C4 }
                 ; 0000 00C5 for(j=0;j<10;j++) display();
                 _0x1A:
000133 e010      	LDI  R17,LOW(0)
                 _0x21:
000134 301a      	CPI  R17,10
000135 f418      	BRSH _0x22
000136 df2a      	RCALL _display
000137 5f1f      	SUBI R17,-1
000138 cffb      	RJMP _0x21
                 _0x22:
                 ; 0000 00C6 }
000139 cfb5      	RJMP _0x12
                 ; 0000 00C7 }
                 _0x23:
00013a cfff      	RJMP _0x23
                 ; .FEND
                 
                 	.DSEG
                 _data:
000260           	.BYTE 0x4
                 
                 	.CSEG
                 
                 	.CSEG
                 _delay_ms:
00013b 9610      	adiw r26,0
00013c f039      	breq __delay_ms1
                 __delay_ms0:
                +
00013d ef8a     +LDI R24 , LOW ( 0xFA )
00013e e090     +LDI R25 , HIGH ( 0xFA )
                +__DELAY_USW_LOOP :
00013f 9701     +SBIW R24 , 1
000140 f7f1     +BRNE __DELAY_USW_LOOP
                 	__DELAY_USW 0xFA
000141 95a8      	wdr
000142 9711      	sbiw r26,1
000143 f7c9      	brne __delay_ms0
                 __delay_ms1:
000144 9508      	ret
                 
                 __DIVW21U:
000145 2400      	CLR  R0
000146 2411      	CLR  R1
000147 e190      	LDI  R25,16
                 __DIVW21U1:
000148 0faa      	LSL  R26
000149 1fbb      	ROL  R27
00014a 1c00      	ROL  R0
00014b 1c11      	ROL  R1
00014c 1a0e      	SUB  R0,R30
00014d 0a1f      	SBC  R1,R31
00014e f418      	BRCC __DIVW21U2
00014f 0e0e      	ADD  R0,R30
000150 1e1f      	ADC  R1,R31
000151 c001      	RJMP __DIVW21U3
                 __DIVW21U2:
000152 60a1      	SBR  R26,1
                 __DIVW21U3:
000153 959a      	DEC  R25
000154 f799      	BRNE __DIVW21U1
000155 01fd      	MOVW R30,R26
000156 01d0      	MOVW R26,R0
000157 9508      	RET
                 
                 __MODW21U:
000158 dfec      	RCALL __DIVW21U
000159 01fd      	MOVW R30,R26
00015a 9508      	RET
                 
                 ;END OF CODE MARKER
                 __END_OF_CODE:


RESOURCE USE INFORMATION
------------------------

Notice:
The register and instruction counts are symbol table hit counts,
and hence implicitly used resources are not counted, eg, the
'lpm' instruction without operands implicitly uses r0 and z,
none of which are counted.

x,y,z are separate entities in the symbol table and are
counted separately from r26..r31 here.

.dseg memory usage only counts static data declared with .byte

ATmega32 register use summary:
r0 :  11 r1 :   5 r2 :   0 r3 :   0 r4 :   0 r5 :   0 r6 :   0 r7 :   0 
r8 :   0 r9 :   0 r10:   0 r11:   0 r12:   0 r13:   0 r14:   0 r15:   0 
r16:   9 r17:  15 r18:   5 r19:   3 r20:   4 r21:   0 r22:   4 r23:   0 
r24:   9 r25:   5 r26:  28 r27:   6 r28:   6 r29:   1 r30: 122 r31:  20 
x  :   5 y  :  11 z  :  10 
Registers used: 19 out of 35 (54.3%)

ATmega32 instruction use summary:
.lds  :   0 .lds.l:   0 .sts  :   0 .sts.l:   0 adc   :   3 add   :   4 
adiw  :   4 and   :   0 andi  :   0 asr   :   0 bclr  :   0 bld   :   0 
brbc  :   0 brbs  :   0 brcc  :   1 brcs  :   0 break :   0 breq  :   3 
brge  :   0 brhc  :   0 brhs  :   0 brid  :   0 brie  :   0 brlo  :   1 
brlt  :   0 brmi  :   0 brne  :   8 brpl  :   0 brsh  :   4 brtc  :   0 
brts  :   0 brvc  :   0 brvs  :   0 bset  :   0 bst   :   0 call  :   3 
cbi   :   0 cbr   :   0 clc   :   0 clh   :   0 cli   :   1 cln   :   0 
clr   :   4 cls   :   0 clt   :   0 clv   :   0 clz   :   0 com   :   0 
cp    :   0 cpc   :   0 cpi   :   8 cpse  :   0 dec   :   2 des   :   0 
eor   :   0 fmul  :   0 fmuls :   0 fmulsu:   0 icall :   0 ijmp  :   0 
in    :   0 inc   :   0 jmp   :  22 ld    :   6 ldd   :   1 ldi   :  68 
lds   :   0 lpm   :   7 lsl   :   1 lsr   :   0 mov   :   6 movw  :  16 
mul   :   2 muls  :   0 mulsu :   0 neg   :   0 nop   :   0 or    :   1 
ori   :   0 out   :  49 pop   :   0 push  :   0 rcall :   3 ret   :  16 
reti  :   0 rjmp  :  20 rol   :   3 ror   :   0 sbc   :   1 sbci  :   4 
sbi   :   0 sbic  :  10 sbis  :   0 sbiw  :   7 sbr   :   1 sbrc  :   0 
sbrs  :   0 sec   :   0 seh   :   0 sei   :   0 sen   :   0 ser   :   0 
ses   :   0 set   :   0 sev   :   0 sez   :   0 sleep :   0 spm   :   0 
st    :   8 std   :   4 sts   :   0 sub   :   1 subi  :   8 swap  :   0 
tst   :   0 wdr   :   1 
Instructions used: 38 out of 116 (32.8%)

ATmega32 memory use summary [bytes]:
Segment   Begin    End      Code   Data   Used    Size   Use%
---------------------------------------------------------------
[.cseg] 0x000000 0x0002b6    674     20    694   32768   2.1%
[.dseg] 0x000060 0x000264      0      4      4    2048   0.2%
[.eseg] 0x000000 0x000000      0      0      0    1024   0.0%

Assembly complete, 0 errors, 2 warnings
